<?xml version="1.0" encoding="UTF-8"?>
<!DOCTYPE plist PUBLIC "-//Apple//DTD PLIST 1.0//EN" "http://www.apple.com/DTDs/PropertyList-1.0.dtd">
<plist version="1.0">
<dict>
	<key>analyzer_cmd</key>
	<array>
		<string>/usr/bin/clang-20</string>
		<string>--analyze</string>
		<string>-Qunused-arguments</string>
		<string>-Xclang</string>
		<string>-analyzer-opt-analyze-headers</string>
		<string>-Xclang</string>
		<string>-analyzer-output=plist-multi-file</string>
		<string>-o</string>
		<string>/home/jan/parcio/julea/report/chown.c_clangsa_dc9b4d488143c4fddbafc1dbad336ede.plist</string>
		<string>-Xclang</string>
		<string>-analyzer-config</string>
		<string>-Xclang</string>
		<string>expand-macros=true</string>
		<string>-Xclang</string>
		<string>-analyzer-checker=core.BitwiseShift,core.CallAndMessage,core.DivideZero,core.NonNullParamChecker,core.NullDereference,core.StackAddressEscape,core.UndefinedBinaryOperatorResult,core.VLASize,core.uninitialized.ArraySubscript,core.uninitialized.Assign,core.uninitialized.Branch,core.uninitialized.CapturedBlockVariable,core.uninitialized.NewArraySize,core.uninitialized.UndefReturn,cplusplus.ArrayDelete,cplusplus.InnerPointer,cplusplus.Move,cplusplus.NewDelete,cplusplus.NewDeleteLeaks,cplusplus.PlacementNew,cplusplus.PureVirtualCall,cplusplus.StringChecker,deadcode.DeadStores,nullability.NullPassedToNonnull,nullability.NullReturnedFromNonnull,optin.cplusplus.UninitializedObject,optin.cplusplus.VirtualCall,optin.portability.UnixAPI,security.FloatLoopCounter,security.MmapWriteExec,security.PointerSub,security.PutenvStackArray,security.SetgidSetuidOrder,security.cert.env.InvalidPtr,security.insecureAPI.UncheckedReturn,security.insecureAPI.getpw,security.insecureAPI.gets,security.insecureAPI.mkstemp,security.insecureAPI.mktemp,security.insecureAPI.rand,security.insecureAPI.vfork,unix.API,unix.BlockInCriticalSection,unix.Chroot,unix.Malloc,unix.MallocSizeof,unix.MismatchedDeallocator,unix.StdCLibraryFunctions,unix.Stream,unix.Vfork,unix.cstring.BadSizeArg,unix.cstring.NotNullTerminated,unix.cstring.NullArg,valist.CopyToSelf,valist.Uninitialized,valist.Unterminated</string>
		<string>-Xclang</string>
		<string>-analyzer-config</string>
		<string>-Xclang</string>
		<string>aggressive-binary-operation-simplification=true</string>
		<string>-x</string>
		<string>c</string>
		<string>--target=x86_64-redhat-linux</string>
		<string>-std=gnu17</string>
		<string>-I/home/jan/parcio/julea/bld/julea-fuse.p</string>
		<string>-I/home/jan/parcio/julea/bld</string>
		<string>-I/home/jan/parcio/julea</string>
		<string>-I/home/jan/parcio/julea/include</string>
		<string>-I/home/jan/parcio/julea/include/core</string>
		<string>-I/home/jan/parcio/julea/dependencies/opt/spack/linux-skylake/otf-1.12.5salmon-o6ezdpb2nrupuufqd2lhblpstbnbnpqs/include/open-trace-format</string>
		<string>-fdiagnostics-color=always</string>
		<string>-D_FILE_OFFSET_BITS=64</string>
		<string>-std=c11</string>
		<string>-fno-omit-frame-pointer</string>
		<string>-fhardened</string>
		<string>-isystem/home/jan/parcio/julea/dependencies/opt/spack/linux-skylake/libfuse-3.16.2-mjgngdhqotyqxgnojdq3x3yjlysratio/include/fuse3</string>
		<string>-isystem/home/jan/parcio/julea/dependencies/opt/spack/linux-skylake/libfabric-2.4.0-prfkefqrq6pwhxedfj7u4b6bvhqcrbnc/include</string>
		<string>-isystem/home/jan/parcio/julea/dependencies/opt/spack/linux-skylake/libbson-1.27.2-q6ixyfnyitetz5jcqdebf5uxlqzco6jo/include/libbson-1.0</string>
		<string>-pthread</string>
		<string>-isystem/home/jan/parcio/julea/dependencies/opt/spack/linux-skylake/zlib-ng-2.3.2-j22mez6upjog736fprhck74zkogrvg2z/include</string>
		<string>-DWITH_GZFILEOP</string>
		<string>-isystem/usr/include/libmount</string>
		<string>-isystem/usr/include/blkid</string>
		<string>-isystem/usr/include/glib-2.0</string>
		<string>-isystem/usr/lib64/glib-2.0/include</string>
		<string>-isystem/usr/include/sysprof-6</string>
		<string>-idirafter</string>
		<string>/usr/local/include</string>
		<string>-idirafter</string>
		<string>/usr/include</string>
		<string>/home/jan/parcio/julea/fuse/chown.c</string>
	</array>
	<key>analyzer_name</key>
	<string>clangsa</string>
	<key>return_code</key>
	<integer>1</integer>
	<key>stderr</key>
