<?xml version="1.0" encoding="UTF-8"?>
<!DOCTYPE plist PUBLIC "-//Apple//DTD PLIST 1.0//EN" "http://www.apple.com/DTDs/PropertyList-1.0.dtd">
<plist version="1.0">
<dict>
	<key>analyzer_cmd</key>
	<array>
		<string>/usr/bin/clang-tidy</string>
		<string>-checks=-*,bugprone-assert-side-effect,bugprone-bad-signal-to-kill-thread,bugprone-bitwise-pointer-cast,bugprone-bool-pointer-implicit-conversion,bugprone-chained-comparison,bugprone-compare-pointer-to-member-virtual-function,bugprone-copy-constructor-init,bugprone-dangling-handle,bugprone-dynamic-static-initializers,bugprone-fold-init-type,bugprone-forward-declaration-namespace,bugprone-forwarding-reference-overload,bugprone-inaccurate-erase,bugprone-inc-dec-in-conditions,bugprone-incorrect-enable-if,bugprone-incorrect-roundings,bugprone-infinite-loop,bugprone-integer-division,bugprone-lambda-function-name,bugprone-macro-repeated-side-effects,bugprone-misplaced-operator-in-strlen-in-alloc,bugprone-misplaced-pointer-arithmetic-in-alloc,bugprone-misplaced-widening-cast,bugprone-move-forwarding-reference,bugprone-multiple-new-in-one-expression,bugprone-nondeterministic-pointer-iteration-order,bugprone-not-null-terminated-result,bugprone-optional-value-conversion,bugprone-shared-ptr-array-mismatch,bugprone-signal-handler,bugprone-signed-char-misuse,bugprone-sizeof-container,bugprone-sizeof-expression,bugprone-standalone-empty,bugprone-string-constructor,bugprone-string-literal-with-embedded-nul,bugprone-stringview-nullptr,bugprone-suspicious-enum-usage,bugprone-suspicious-memory-comparison,bugprone-suspicious-memset-usage,bugprone-suspicious-missing-comma,bugprone-suspicious-realloc-usage,bugprone-suspicious-semicolon,bugprone-suspicious-stringview-data-usage,bugprone-swapped-arguments,bugprone-switch-missing-default-case,bugprone-tagged-union-member-count,bugprone-terminating-continue,bugprone-throw-keyword-missing,bugprone-too-small-loop-variable,bugprone-undefined-memory-manipulation,bugprone-undelegated-constructor,bugprone-unhandled-exception-at-new,bugprone-unique-ptr-array-mismatch,bugprone-unused-raii,bugprone-unused-return-value,bugprone-use-after-move,bugprone-virtual-near-miss,cert-dcl58-cpp,cert-err33-c,cert-flp30-c,cert-mem57-cpp,cert-oop11-cpp,cert-oop58-cpp,clang-diagnostic-array-bounds-pointer-arithmetic,clang-diagnostic-bitwise-conditional-parentheses,clang-diagnostic-bitwise-instead-of-logical,clang-diagnostic-bitwise-op-parentheses,clang-diagnostic-bool-operation,clang-diagnostic-cast-of-sel-type,clang-diagnostic-char-subscripts,clang-diagnostic-comment,clang-diagnostic-conditional-uninitialized,clang-diagnostic-dangling-capture,clang-diagnostic-dangling-else,clang-diagnostic-delete-abstract-non-virtual-dtor,clang-diagnostic-delete-incomplete,clang-diagnostic-delete-non-abstract-non-virtual-dtor,clang-diagnostic-delete-non-virtual-dtor,clang-diagnostic-deprecated-copy*,clang-diagnostic-deprecated-copy-with-user-provided-copy,clang-diagnostic-division-by-zero,clang-diagnostic-double-promotion,clang-diagnostic-embedded-directive,clang-diagnostic-empty-init-stmt,clang-diagnostic-error,clang-diagnostic-exceptions,clang-diagnostic-extern-c-compat,clang-diagnostic-float-conversion,clang-diagnostic-for-loop-analysis,clang-diagnostic-format*,clang-diagnostic-format-extra-args,clang-diagnostic-format-insufficient-args,clang-diagnostic-format-invalid-specifier,clang-diagnostic-format-nonliteral,clang-diagnostic-format-security,clang-diagnostic-format-y2k,clang-diagnostic-format-zero-length,clang-diagnostic-frame-address,clang-diagnostic-fuse-ld-path,clang-diagnostic-ignored-qualifiers,clang-diagnostic-ignored-reference-qualifiers,clang-diagnostic-implicit*,clang-diagnostic-implicit-function-declaration,clang-diagnostic-implicit-int*,clang-diagnostic-incompatible-pointer-types*,clang-diagnostic-incompatible-pointer-types-discards-qualifiers,clang-diagnostic-infinite-recursion,clang-diagnostic-initializer-overrides,clang-diagnostic-int-in-bool-context,clang-diagnostic-logical-not-parentheses,clang-diagnostic-logical-op-parentheses,clang-diagnostic-misleading-indentation,clang-diagnostic-mismatched-tags,clang-diagnostic-missing-braces,clang-diagnostic-missing-field-initializers,clang-diagnostic-missing-method-return-type,clang-diagnostic-most,clang-diagnostic-move,clang-diagnostic-multichar,clang-diagnostic-non-virtual-dtor,clang-diagnostic-nonnull,clang-diagnostic-null-pointer-arithmetic,clang-diagnostic-null-pointer-subtraction,clang-diagnostic-objc-designated-initializers,clang-diagnostic-objc-flexible-array,clang-diagnostic-objc-missing-super-calls,clang-diagnostic-overloaded-shift-op-parentheses,clang-diagnostic-overloaded-virtual,clang-diagnostic-parentheses*,clang-diagnostic-parentheses-equality,clang-diagnostic-pessimizing-move,clang-diagnostic-potentially-evaluated-expression,clang-diagnostic-private-extern,clang-diagnostic-range-loop-construct,clang-diagnostic-redundant-move,clang-diagnostic-reorder*,clang-diagnostic-reorder-ctor,clang-diagnostic-reorder-init-list,clang-diagnostic-reserved-identifier,clang-diagnostic-reserved-macro-identifier,clang-diagnostic-return-stack-address,clang-diagnostic-return-std-move,clang-diagnostic-return-type*,clang-diagnostic-return-type-c-linkage,clang-diagnostic-self-assign*,clang-diagnostic-self-assign-field,clang-diagnostic-self-assign-overloaded,clang-diagnostic-self-move,clang-diagnostic-semicolon-before-method-body,clang-diagnostic-shift-op-parentheses,clang-diagnostic-sign-compare,clang-diagnostic-sizeof-array-argument,clang-diagnostic-sizeof-array-decay,clang-diagnostic-sometimes-uninitialized,clang-diagnostic-static-in-inline,clang-diagnostic-static-self-init,clang-diagnostic-string-concatenation,clang-diagnostic-string-plus-int,clang-diagnostic-switch*,clang-diagnostic-switch-bool,clang-diagnostic-tautological-bitwise-compare,clang-diagnostic-tautological-compare,clang-diagnostic-tautological-constant-compare,clang-diagnostic-tautological-constant-out-of-range-compare,clang-diagnostic-tautological-objc-bool-compare,clang-diagnostic-tautological-overlap-compare,clang-diagnostic-tautological-pointer-compare,clang-diagnostic-tautological-undefined-compare,clang-diagnostic-trigraphs,clang-diagnostic-unevaluated-expression,clang-diagnostic-uninitialized*,clang-diagnostic-uninitialized-const-reference,clang-diagnostic-uninitialized-explicit-init,clang-diagnostic-unknown-pragmas,clang-diagnostic-unneeded-internal-declaration,clang-diagnostic-unsequenced,clang-diagnostic-unused-argument,clang-diagnostic-unused-but-set-parameter,clang-diagnostic-unused-but-set-variable,clang-diagnostic-unused-comparison,clang-diagnostic-unused-const-variable,clang-diagnostic-unused-function,clang-diagnostic-unused-label,clang-diagnostic-unused-lambda-capture,clang-diagnostic-unused-local-typedef,clang-diagnostic-unused-parameter,clang-diagnostic-unused-private-field,clang-diagnostic-unused-property-ivar,clang-diagnostic-unused-result,clang-diagnostic-unused-value,clang-diagnostic-unused-variable,clang-diagnostic-user-defined-literals,clang-diagnostic-user-defined-warnings,clang-diagnostic-vexing-parse,clang-diagnostic-volatile-register-var,concurrency-thread-canceltype-asynchronous,cppcoreguidelines-avoid-capturing-lambda-coroutines,cppcoreguidelines-avoid-reference-coroutine-parameters,cppcoreguidelines-virtual-class-destructor,google-build-namespaces,misc-confusable-identifiers,misc-definitions-in-headers,misc-header-include-cycle,misc-misleading-bidirectional,misc-misleading-identifier,misc-misplaced-const,misc-new-delete-overloads,misc-non-copyable-objects,misc-redundant-expression,misc-throw-by-value-catch-by-reference,misc-unconventional-assign-operator,misc-uniqueptr-reset-release,modernize-min-max-use-initializer-list,performance-inefficient-algorithm,performance-move-const-arg,performance-move-constructor-init,performance-no-automatic-move,performance-noexcept-destructor,performance-noexcept-move-constructor,performance-noexcept-swap,performance-trivially-destructible,readability-container-contains,readability-container-data-pointer,readability-reference-to-constructed-temporary,readability-suspicious-call-argument</string>
		<string>-config={"HeaderFilterRegex": ".*"}</string>
		<string>/home/jan/parcio/julea/fuse/mkdir.c</string>
		<string>--export-fixes</string>
		<string>/home/jan/parcio/julea/report/fixit/mkdir.c_clang-tidy_7675f4952f512fa366099410e15b3c2a.yaml</string>
		<string>--</string>
		<string>-Qunused-arguments</string>
		<string>-Wno-everything</string>
		<string>-x</string>
		<string>c</string>
		<string>--target=x86_64-redhat-linux</string>
		<string>-I/home/jan/parcio/julea/bld/julea-fuse.p</string>
		<string>-I/home/jan/parcio/julea/bld</string>
		<string>-I/home/jan/parcio/julea</string>
		<string>-I/home/jan/parcio/julea/include</string>
		<string>-I/home/jan/parcio/julea/include/core</string>
		<string>-I/home/jan/parcio/julea/dependencies/opt/spack/linux-skylake/otf-1.12.5salmon-o6ezdpb2nrupuufqd2lhblpstbnbnpqs/include/open-trace-format</string>
		<string>-fdiagnostics-color=always</string>
		<string>-D_FILE_OFFSET_BITS=64</string>
		<string>-std=c11</string>
		<string>-fno-omit-frame-pointer</string>
		<string>-fhardened</string>
		<string>-isystem/home/jan/parcio/julea/dependencies/opt/spack/linux-skylake/libfuse-3.16.2-mjgngdhqotyqxgnojdq3x3yjlysratio/include/fuse3</string>
		<string>-isystem/home/jan/parcio/julea/dependencies/opt/spack/linux-skylake/libfabric-2.4.0-prfkefqrq6pwhxedfj7u4b6bvhqcrbnc/include</string>
		<string>-isystem/home/jan/parcio/julea/dependencies/opt/spack/linux-skylake/libbson-1.27.2-q6ixyfnyitetz5jcqdebf5uxlqzco6jo/include/libbson-1.0</string>
		<string>-pthread</string>
		<string>-isystem/home/jan/parcio/julea/dependencies/opt/spack/linux-skylake/zlib-ng-2.3.2-j22mez6upjog736fprhck74zkogrvg2z/include</string>
		<string>-DWITH_GZFILEOP</string>
		<string>-isystem/usr/include/libmount</string>
		<string>-isystem/usr/include/blkid</string>
		<string>-isystem/usr/include/glib-2.0</string>
		<string>-isystem/usr/lib64/glib-2.0/include</string>
		<string>-isystem/usr/include/sysprof-6</string>
		<string>-idirafter</string>
		<string>/usr/local/include</string>
		<string>-idirafter</string>
		<string>/usr/include</string>
		<string>-Wno-extra</string>
		<string>-Wno-missing-designated-field-initializers</string>
		<string>-Wno-gnu-null-pointer-arithmetic</string>
		<string>-Wno-cast-function-type-mismatch</string>
		<string>-Wno-#pragma-messages</string>
		<string>-Wno-CFString-literal</string>
		<string>-Wno-CL4</string>
		<string>-Wno-all</string>
		<string>-Wno-array-parameter</string>
		<string>-Wno-format-overflow</string>
		<string>-Wno-format-overflow-non-kprintf</string>
		<string>-Wno-format-truncation</string>
		<string>-Wno-format-truncation-non-kprintf</string>
		<string>-Wno-return-mismatch</string>
		<string>-Wno-tautological-negation-compare</string>
		<string>-Wno-unused</string>
		<string>-Wno-packed-non-pod</string>
		<string>-Wno-vla-cxx-extension</string>
		<string>-Wno-vla-extension-static-assert</string>
		<string>-Wno-perf-constraint-implies-noexcept</string>
		<string>-Wno-IndependentClass-attribute</string>
		<string>-Wno-NSObject-attribute</string>
		<string>-Wno-aarch64-sme-attributes</string>
		<string>-Wno-abi</string>
		<string>-Wno-absolute-value</string>
		<string>-Wno-abstract-final-class</string>
		<string>-Wno-abstract-vbase-init</string>
		<string>-Wno-address</string>
		<string>-Wno-pointer-bool-conversion</string>
		<string>-Wno-string-compare</string>
		<string>-Wno-address-of-packed-member</string>
		<string>-Wno-address-of-temporary</string>
		<string>-Wno-aggregate-return</string>
		<string>-Wno-aix-compat</string>
		<string>-Wno-alias-template-in-declaration-name</string>
		<string>-Wno-align-mismatch</string>
		<string>-Wno-alloca</string>
		<string>-Wno-alloca-with-align-alignof</string>
		<string>-Wno-ambiguous-delete</string>
		<string>-Wno-ambiguous-ellipsis</string>
		<string>-Wno-ambiguous-macro</string>
		<string>-Wno-ambiguous-member-template</string>
		<string>-Wno-ambiguous-reversed-operator</string>
		<string>-Wno-analyzer-incompatible-plugin</string>
		<string>-Wno-android-unversioned-fallback</string>
		<string>-Wno-anon-enum-enum-conversion</string>
		<string>-Wno-deprecated-anon-enum-enum-conversion</string>
		<string>-Wno-anonymous-pack-parens</string>
		<string>-Wno-apinotes</string>
		<string>-Wno-arc</string>
		<string>-Wno-arc-unsafe-retained-assign</string>
		<string>-Wno-arc-retain-cycles</string>
		<string>-Wno-arc-non-pod-memaccess</string>
		<string>-Wno-arc-bridge-casts-disallowed-in-nonarc</string>
		<string>-Wno-arc-performSelector-leaks</string>
		<string>-Wno-arc-repeated-use-of-weak</string>
		<string>-Wno-arc-maybe-repeated-use-of-weak</string>
		<string>-Wno-argument-outside-range</string>
		<string>-Wno-argument-undefined-behaviour</string>
		<string>-Wno-arm-interrupt-vfp-clobber</string>
		<string>-Wno-array-bounds</string>
		<string>-Wno-array-compare</string>
		<string>-Wno-array-compare-cxx26</string>
		<string>-Wno-asm</string>
		<string>-Wno-asm-operand-widths</string>
		<string>-Wno-assign-enum</string>
		<string>-Wno-assume</string>
		<string>-Wno-at-protocol</string>
		<string>-Wno-atimport-in-framework-header</string>
		<string>-Wno-atomic-access</string>
		<string>-Wno-atomic-alignment</string>
		<string>-Wno-atomic-implicit-seq-cst</string>
		<string>-Wno-atomic-memory-ordering</string>
		<string>-Wno-atomic-properties</string>
		<string>-Wno-implicit-atomic-properties</string>
		<string>-Wno-custom-atomic-properties</string>
		<string>-Wno-atomic-property-with-user-defined-accessor</string>
		<string>-Wno-attribute-packed-for-bitfield</string>
		<string>-Wno-attribute-statement</string>
		<string>-Wno-attribute-warning</string>
		<string>-Wno-attributes</string>
		<string>-Wno-unknown-attributes</string>
		<string>-Wno-ignored-attributes</string>
		<string>-Wno-auto-disable-vptr-sanitizer</string>
		<string>-Wno-auto-import</string>
		<string>-Wno-auto-storage-class</string>
		<string>-Wno-auto-var-id</string>
		<string>-Wno-availability</string>
		<string>-Wno-avr-rtlib-linking-quirks</string>
		<string>-Wno-backend-plugin</string>
		<string>-Wno-backslash-newline-escape</string>
		<string>-Wno-bad-function-cast</string>
		<string>-Wno-binary-literal</string>
		<string>-Wno-c++14-binary-literal</string>
		<string>-Wno-c++98-c++11-compat-binary-literal</string>
		<string>-Wno-bind-to-temporary-copy</string>
		<string>-Wno-c++98-compat-bind-to-temporary-copy</string>
		<string>-Wno-binding-in-condition</string>
		<string>-Wno-bitfield-width</string>
		<string>-Wno-block-capture-autoreleasing</string>
		<string>-Wno-bool-conversions</string>
		<string>-Wno-bool-conversion</string>
		<string>-Wno-undefined-bool-conversion</string>
		<string>-Wno-bounds-safety-counted-by-elt-type-unknown-size</string>
		<string>-Wno-braced-scalar-init</string>
		<string>-Wno-branch-protection</string>
		<string>-Wno-bridge-cast</string>
		<string>-Wno-builtin-assume-aligned-alignment</string>
		<string>-Wno-builtin-memcpy-chk-size</string>
		<string>-Wno-builtin-requires-header</string>
		<string>-Wno-c++-compat</string>
		<string>-Wno-c++0x-compat</string>
		<string>-Wno-c++11-compat</string>
		<string>-Wno-c++11-narrowing</string>
		<string>-Wno-c++11-narrowing-const-reference</string>
		<string>-Wno-c++11-compat-reserved-user-defined-literal</string>
		<string>-Wno-c++11-compat-deprecated-writable-strings</string>
		<string>-Wno-pre-c++14-compat</string>
		<string>-Wno-pre-c++17-compat</string>
		<string>-Wno-pre-c++20-compat</string>
		<string>-Wno-pre-c++23-compat</string>
		<string>-Wno-pre-c++26-compat</string>
		<string>-Wno-c++0x-extensions</string>
		<string>-Wno-c++11-extensions</string>
		<string>-Wno-c++11-extra-semi</string>
		<string>-Wno-c++11-inline-namespace</string>
		<string>-Wno-c++11-long-long</string>
		<string>-Wno-c++0x-narrowing</string>
		<string>-Wno-c++11-compat-pedantic</string>
		<string>-Wno-pre-c++14-compat-pedantic</string>
		<string>-Wno-pre-c++17-compat-pedantic</string>
		<string>-Wno-pre-c++20-compat-pedantic</string>
		<string>-Wno-pre-c++23-compat-pedantic</string>
		<string>-Wno-pre-c++26-compat-pedantic</string>
		<string>-Wno-c++14-compat-pedantic</string>
		<string>-Wno-c++14-compat</string>
		<string>-Wno-c++17-compat-pedantic</string>
		<string>-Wno-c++17-compat</string>
		<string>-Wno-deprecated-register</string>
		<string>-Wno-deprecated-increment-bool</string>
		<string>-Wno-c++17-compat-mangling</string>
		<string>-Wno-c++1y-extensions</string>
		<string>-Wno-c++14-extensions</string>
		<string>-Wno-c++14-attribute-extensions</string>
		<string>-Wno-c++1z-compat</string>
		<string>-Wno-c++1z-compat-mangling</string>
		<string>-Wno-c++1z-extensions</string>
		<string>-Wno-c++17-extensions</string>
		<string>-Wno-c++17-attribute-extensions</string>
		<string>-Wno-c++23-compat</string>
		<string>-Wno-c++2a-compat</string>
		<string>-Wno-c++20-compat</string>
		<string>-Wno-c++2a-compat-pedantic</string>
		<string>-Wno-c++20-compat-pedantic</string>
		<string>-Wno-c++2a-extensions</string>
		<string>-Wno-c++20-extensions</string>
		<string>-Wno-c++20-designator</string>
		<string>-Wno-c++20-attribute-extensions</string>
		<string>-Wno-variadic-macro-arguments-omitted</string>
		<string>-Wno-c++2b-extensions</string>
		<string>-Wno-c++23-extensions</string>
		<string>-Wno-c++23-lambda-attributes</string>
		<string>-Wno-c++2c-compat</string>
		<string>-Wno-c++2c-extensions</string>
		<string>-Wno-c++26-extensions</string>
		<string>-Wno-c++98-c++11-c++14-c++17-compat</string>
		<string>-Wno-c++98-c++11-c++14-c++17-compat-pedantic</string>
		<string>-Wno-c++98-c++11-c++14-compat</string>
		<string>-Wno-c++98-c++11-c++14-compat-pedantic</string>
		<string>-Wno-c++98-c++11-compat</string>
		<string>-Wno-c++98-c++11-compat-pedantic</string>
		<string>-Wno-c++98-compat-pedantic</string>
		<string>-Wno-c++98-compat</string>
		<string>-Wno-c++98-compat-local-type-template-args</string>
		<string>-Wno-c++98-compat-unnamed-type-template-args</string>
		<string>-Wno-c++98-compat-extra-semi</string>
		<string>-Wno-c2x-compat</string>
		<string>-Wno-c23-compat</string>
		<string>-Wno-c2x-extensions</string>
		<string>-Wno-c23-extensions</string>
		<string>-Wno-c99-compat</string>
		<string>-Wno-c99-extensions</string>
		<string>-Wno-c99-designator</string>
		<string>-Wno-call-to-pure-virtual-from-ctor-dtor</string>
		<string>-Wno-called-once-parameter</string>
		<string>-Wno-completion-handler</string>
		<string>-Wno-cast-align</string>
		<string>-Wno-cast-calling-convention</string>
		<string>-Wno-cast-function-type</string>
		<string>-Wno-cast-function-type-strict</string>
		<string>-Wno-cast-qual</string>
		<string>-Wno-cast-qual-unrelated</string>
		<string>-Wno-char-align</string>
		<string>-Wno-clang-cl-pch</string>
		<string>-Wno-class-conversion</string>
		<string>-Wno-class-varargs</string>
		<string>-Wno-non-pod-varargs</string>
		<string>-Wno-cmse-union-leak</string>
		<string>-Wno-comma</string>
		<string>-Wno-comments</string>
		<string>-Wno-compare-distinct-pointer-types</string>
		<string>-Wno-compound-token-split</string>
		<string>-Wno-compound-token-split-by-macro</string>
		<string>-Wno-compound-token-split-by-space</string>
		<string>-Wno-conditional-type-mismatch</string>
		<string>-Wno-config-macros</string>
		<string>-Wno-constant-evaluated</string>
		<string>-Wno-constant-logical-operand</string>
		<string>-Wno-constexpr-not-const</string>
		<string>-Wno-consumed</string>
		<string>-Wno-conversion-null</string>
		<string>-Wno-null-conversion</string>
		<string>-Wno-coroutine</string>
		<string>-Wno-coroutine-missing-unhandled-exception</string>
		<string>-Wno-deprecated-coroutine</string>
		<string>-Wno-always-inline-coroutine</string>
		<string>-Wno-coro-non-aligned-allocation-function</string>
		<string>-Wno-covered-switch-default</string>
		<string>-Wno-cpp</string>
		<string>-Wno-#warnings</string>
		<string>-Wno-cstring-format-directive</string>
		<string>-Wno-ctad-maybe-unsupported</string>
		<string>-Wno-ctor-dtor-privacy</string>
		<string>-Wno-ctu</string>
		<string>-Wno-cuda-compat</string>
		<string>-Wno-cxx-attribute-extension</string>
		<string>-Wno-dangling</string>
		<string>-Wno-dangling-assignment</string>
		<string>-Wno-dangling-assignment-gsl</string>
		<string>-Wno-dangling-field</string>
		<string>-Wno-dangling-initializer-list</string>
		<string>-Wno-dangling-gsl</string>
		<string>-Wno-darwin-sdk-settings</string>
		<string>-Wno-date-time</string>
		<string>-Wno-dealloc-in-category</string>
		<string>-Wno-debug-compression-unavailable</string>
		<string>-Wno-declaration-after-statement</string>
		<string>-Wno-decls-in-multiple-modules</string>
		<string>-Wno-defaulted-function-deleted</string>
		<string>-Wno-delayed-template-parsing-in-cxx20</string>
		<string>-Wno-delegating-ctor-cycles</string>
		<string>-Wno-deprecate-lax-vec-conv-all</string>
		<string>-Wno-deprecated</string>
		<string>-Wno-deprecated-array-compare</string>
		<string>-Wno-deprecated-attributes</string>
		<string>-Wno-deprecated-comma-subscript</string>
		<string>-Wno-deprecated-copy-with-dtor</string>
		<string>-Wno-deprecated-copy-with-user-provided-dtor</string>
		<string>-Wno-deprecated-declarations</string>
		<string>-Wno-deprecated-dynamic-exception-spec</string>
		<string>-Wno-deprecated-enum-compare</string>
		<string>-Wno-deprecated-enum-compare-conditional</string>
		<string>-Wno-deprecated-enum-enum-conversion</string>
		<string>-Wno-deprecated-enum-float-conversion</string>
		<string>-Wno-deprecated-builtins</string>
		<string>-Wno-deprecated-literal-operator</string>
		<string>-Wno-deprecated-pragma</string>
		<string>-Wno-deprecated-no-relaxed-template-template-args</string>
		<string>-Wno-deprecated-ofast</string>
		<string>-Wno-deprecated-this-capture</string>
		<string>-Wno-deprecated-type</string>
		<string>-Wno-deprecated-volatile</string>
		<string>-Wno-deprecated-writable-strings</string>
		<string>-Wno-deprecated-redundant-constexpr-static-def</string>
		<string>-Wno-deprecated-missing-comma-variadic-parameter</string>
		<string>-Wno-deprecated-altivec-src-compat</string>
		<string>-Wno-deprecated-copy-dtor</string>
		<string>-Wno-deprecated-implementations</string>
		<string>-Wno-deprecated-module-dot-map</string>
		<string>-Wno-deprecated-objc-isa-usage</string>
		<string>-Wno-deprecated-objc-pointer-introspection</string>
		<string>-Wno-deprecated-objc-pointer-introspection-performSelector</string>
		<string>-Wno-direct-ivar-access</string>
		<string>-Wno-disabled-macro-expansion</string>
		<string>-Wno-disabled-optimization</string>
		<string>-Wno-discard-qual</string>
		<string>-Wno-distributed-object-modifiers</string>
		<string>-Wno-div-by-zero</string>
		<string>-Wno-dll-attribute-on-redeclaration</string>
		<string>-Wno-dllexport-explicit-instantiation-decl</string>
		<string>-Wno-dllimport-static-field-def</string>
		<string>-Wno-documentation</string>
		<string>-Wno-documentation-html</string>
		<string>-Wno-documentation-deprecated-sync</string>
		<string>-Wno-documentation-pedantic</string>
		<string>-Wno-documentation-unknown-command</string>
		<string>-Wno-dtor-name</string>
		<string>-Wno-dtor-typedef</string>
		<string>-Wno-duplicate-decl-specifier</string>
		<string>-Wno-duplicate-enum</string>
		<string>-Wno-duplicate-method-arg</string>
		<string>-Wno-duplicate-method-match</string>
		<string>-Wno-duplicate-protocol</string>
		<string>-Wno-dxil-validation</string>
		<string>-Wno-dynamic-exception-spec</string>
		<string>-Wno-eager-load-cxx-named-modules</string>
		<string>-Wno-effc++</string>
		<string>-Wno-elaborated-enum-base</string>
		<string>-Wno-elaborated-enum-class</string>
		<string>-Wno-empty-body</string>
		<string>-Wno-empty-decomposition</string>
		<string>-Wno-encode-type</string>
		<string>-Wno-endif-labels</string>
		<string>-Wno-extra-tokens</string>
		<string>-Wno-enum-compare</string>
		<string>-Wno-enum-compare-switch</string>
		<string>-Wno-enum-too-large</string>
		<string>-Wno-excess-initializers</string>
		<string>-Wno-excessive-regsave</string>
		<string>-Wno-exit-time-destructors</string>
		<string>-Wno-expansion-to-defined</string>
		<string>-Wno-experimental-header-units</string>
		<string>-Wno-experimental-option</string>
		<string>-Wno-explicit-initialize-call</string>
		<string>-Wno-explicit-ownership-type</string>
		<string>-Wno-explicit-specialization-storage-class</string>
		<string>-Wno-export-unnamed</string>
		<string>-Wno-extern-initializer</string>
		<string>-Wno-extra-qualification</string>
		<string>-Wno-extra-semi</string>
		<string>-Wno-extra-semi-stmt</string>
		<string>-Wno-extractapi-misuse</string>
		<string>-Wno-extraneous-template-head</string>
		<string>-Wno-final-dtor-non-final-class</string>
		<string>-Wno-fixed-point-overflow</string>
		<string>-Wno-flag-enum</string>
		<string>-Wno-float-equal</string>
		<string>-Wno-format-non-iso</string>
		<string>-Wno-format-pedantic</string>
		<string>-Wno-format-signedness</string>
		<string>-Wno-format-type-confusion</string>
		<string>-Wno-format=2</string>
		<string>-Wno-fortify-source</string>
		<string>-Wno-four-char-constants</string>
		<string>-Wno-framework-include-private-from-public</string>
		<string>-Wno-free-nonheap-object</string>
		<string>-Wno-friend-enum</string>
		<string>-Wno-function-def-in-objc-container</string>
		<string>-Wno-function-effects</string>
		<string>-Wno-function-multiversion</string>
		<string>-Wno-target-clones-mixed-specifiers</string>
		<string>-Wno-future-compat</string>
		<string>-Wno-gcc-compat</string>
		<string>-Wno-global-constructors</string>
		<string>-Wno-global-isel</string>
		<string>-Wno-gnu</string>
		<string>-Wno-gnu-alignof-expression</string>
		<string>-Wno-gnu-anonymous-struct</string>
		<string>-Wno-gnu-auto-type</string>
		<string>-Wno-gnu-binary-literal</string>
		<string>-Wno-gnu-case-range</string>
		<string>-Wno-gnu-complex-integer</string>
		<string>-Wno-gnu-compound-literal-initializer</string>
		<string>-Wno-gnu-conditional-omitted-operand</string>
		<string>-Wno-gnu-designator</string>
		<string>-Wno-gnu-empty-struct</string>
		<string>-Wno-vla-extension</string>
		<string>-Wno-gnu-flexible-array-initializer</string>
		<string>-Wno-gnu-flexible-array-union-member</string>
		<string>-Wno-gnu-folding-constant</string>
		<string>-Wno-gnu-imaginary-constant</string>
		<string>-Wno-gnu-include-next</string>
		<string>-Wno-gnu-label-as-value</string>
		<string>-Wno-gnu-line-marker</string>
		<string>-Wno-gnu-offsetof-extensions</string>
		<string>-Wno-gnu-pointer-arith</string>
		<string>-Wno-redeclared-class-member</string>
		<string>-Wno-gnu-redeclared-enum</string>
		<string>-Wno-gnu-statement-expression</string>
		<string>-Wno-gnu-statement-expression-from-macro-expansion</string>
		<string>-Wno-gnu-static-float-init</string>
		<string>-Wno-gnu-string-literal-operator-template</string>
		<string>-Wno-gnu-union-cast</string>
		<string>-Wno-gnu-variable-sized-type-not-at-end</string>
		<string>-Wno-zero-length-array</string>
		<string>-Wno-gnu-zero-line-directive</string>
		<string>-Wno-gnu-zero-variadic-macro-arguments</string>
		<string>-Wno-gnu-array-member-paren-init</string>
		<string>-Wno-gnu-empty-initializer</string>
		<string>-Wno-gnu-inline-cpp-without-extern</string>
		<string>-Wno-gpu-maybe-wrong-side</string>
		<string>-Wno-header-guard</string>
		<string>-Wno-header-hygiene</string>
		<string>-Wno-higher-precision-for-complex-division</string>
		<string>-Wno-hip-omp-target-directives</string>
		<string>-Wno-hip-only</string>
		<string>-Wno-hlsl-availability</string>
		<string>-Wno-hlsl-dxc-compatability</string>
		<string>-Wno-hlsl-extensions</string>
		<string>-Wno-hlsl-202y-extensions</string>
		<string>-Wno-idiomatic-parentheses</string>
		<string>-Wno-ignored-availability-without-sdk-settings</string>
		<string>-Wno-ignored-gch</string>
		<string>-Wno-implicit-conversion-floating-point-to-bool</string>
		<string>-Wno-implicit-exception-spec-mismatch</string>
		<string>-Wno-implicit-fallthrough</string>
		<string>-Wno-implicit-fallthrough-per-function</string>
		<string>-Wno-implicit-fixed-point-conversion</string>
		<string>-Wno-implicit-retain-self</string>
		<string>-Wno-implicitly-unsigned-literal</string>
		<string>-Wno-import</string>
		<string>-Wno-import-implementation-partition-unit-in-interface-unit</string>
		<string>-Wno-inaccessible-base</string>
		<string>-Wno-include-angled-in-module-purview</string>
		<string>-Wno-include-next-absolute-path</string>
		<string>-Wno-include-next-outside-header</string>
		<string>-Wno-incompatible-exception-spec</string>
		<string>-Wno-incompatible-function-pointer-types-strict</string>
		<string>-Wno-incompatible-library-redeclaration</string>
		<string>-Wno-incompatible-ms-pragma-section</string>
		<string>-Wno-incompatible-ms-struct</string>
		<string>-Wno-incompatible-function-pointer-types</string>
		<string>-Wno-incompatible-property-type</string>
		<string>-Wno-incompatible-sysroot</string>
		<string>-Wno-incomplete-framework-module-declaration</string>
		<string>-Wno-incomplete-implementation</string>
		<string>-Wno-incomplete-module</string>
		<string>-Wno-incomplete-umbrella</string>
		<string>-Wno-non-modular-include-in-module</string>
		<string>-Wno-non-modular-include-in-framework-module</string>
		<string>-Wno-incomplete-setjmp-declaration</string>
		<string>-Wno-inconsistent-missing-destructor-override</string>
		<string>-Wno-inconsistent-missing-override</string>
		<string>-Wno-increment-bool</string>
		<string>-Wno-init-self</string>
		<string>-Wno-injected-class-name</string>
		<string>-Wno-inline</string>
		<string>-Wno-inline-asm</string>
		<string>-Wno-inline-namespace-reopened-noninline</string>
		<string>-Wno-inline-new-delete</string>
		<string>-Wno-installapi-violation</string>
		<string>-Wno-instantiation-after-specialization</string>
		<string>-Wno-int-conversions</string>
		<string>-Wno-int-conversion</string>
		<string>-Wno-int-to-pointer-cast</string>
		<string>-Wno-int-to-void-pointer-cast</string>
		<string>-Wno-integer-overflow</string>
		<string>-Wno-invalid-command-line-argument</string>
		<string>-Wno-ignored-optimization-argument</string>
		<string>-Wno-invalid-constexpr</string>
		<string>-Wno-invalid-feature-combination</string>
		<string>-Wno-invalid-gnu-asm-cast</string>
		<string>-Wno-invalid-iboutlet</string>
		<string>-Wno-invalid-initializer-from-system-header</string>
		<string>-Wno-invalid-ios-deployment-target</string>
		<string>-Wno-invalid-no-builtin-names</string>
		<string>-Wno-invalid-noreturn</string>
		<string>-Wno-invalid-offsetof</string>
		<string>-Wno-invalid-or-nonexistent-directory</string>
		<string>-Wno-invalid-partial-specialization</string>
		<string>-Wno-invalid-pch</string>
		<string>-Wno-invalid-pp-token</string>
		<string>-Wno-invalid-source-encoding</string>
		<string>-Wno-invalid-specialization</string>
		<string>-Wno-invalid-static-assert-message</string>
		<string>-Wno-invalid-token-paste</string>
		<string>-Wno-invalid-unevaluated-string</string>
		<string>-Wno-jump-seh-finally</string>
		<string>-Wno-keyword-compat</string>
		<string>-Wno-knr-promoted-parameter</string>
		<string>-Wno-large-by-value-copy</string>
		<string>-Wno-legacy-constant-register-binding</string>
		<string>-Wno-liblto</string>
		<string>-Wno-linker-warnings</string>
		<string>-Wno-local-type-template-args</string>
		<string>-Wno-loop-analysis</string>
		<string>-Wno-range-loop-analysis</string>
		<string>-Wno-range-loop-bind-reference</string>
		<string>-Wno-main</string>
		<string>-Wno-main-return-type</string>
		<string>-Wno-malformed-warning-check</string>
		<string>-Wno-many-braces-around-scalar-init</string>
		<string>-Wno-math-errno-enabled-with-veclib</string>
		<string>-Wno-mathematical-notation-identifier-extension</string>
		<string>-Wno-max-tokens</string>
		<string>-Wno-max-unsigned-zero</string>
		<string>-Wno-memsize-comparison</string>
		<string>-Wno-method-signatures</string>
		<string>-Wno-microsoft</string>
		<string>-Wno-microsoft-charize</string>
		<string>-Wno-microsoft-drectve-section</string>
		<string>-Wno-microsoft-include</string>
		<string>-Wno-microsoft-cpp-macro</string>
		<string>-Wno-microsoft-fixed-enum</string>
		<string>-Wno-microsoft-sealed</string>
		<string>-Wno-microsoft-abstract</string>
		<string>-Wno-microsoft-unqualified-friend</string>
		<string>-Wno-microsoft-exception-spec</string>
		<string>-Wno-microsoft-using-decl</string>
		<string>-Wno-microsoft-mutable-reference</string>
		<string>-Wno-microsoft-pure-definition</string>
		<string>-Wno-microsoft-union-member-reference</string>
		<string>-Wno-microsoft-explicit-constructor-call</string>
		<string>-Wno-microsoft-enum-value</string>
		<string>-Wno-microsoft-default-arg-redefinition</string>
		<string>-Wno-microsoft-template</string>
		<string>-Wno-microsoft-template-shadow</string>
		<string>-Wno-microsoft-redeclare-static</string>
		<string>-Wno-microsoft-enum-forward-reference</string>
		<string>-Wno-microsoft-goto</string>
		<string>-Wno-microsoft-flexible-array</string>
		<string>-Wno-microsoft-extra-qualification</string>
		<string>-Wno-microsoft-cast</string>
		<string>-Wno-microsoft-const-init</string>
		<string>-Wno-microsoft-void-pseudo-dtor</string>
		<string>-Wno-microsoft-anon-tag</string>
		<string>-Wno-microsoft-comment-paste</string>
		<string>-Wno-microsoft-end-of-file</string>
		<string>-Wno-microsoft-static-assert</string>
		<string>-Wno-microsoft-init-from-predefined</string>
		<string>-Wno-microsoft-string-literal-from-predefined</string>
		<string>-Wno-inconsistent-dllimport</string>
		<string>-Wno-microsoft-inline-on-non-function</string>
		<string>-Wno-microsoft-exists</string>
		<string>-Wno-microsoft-inaccessible-base</string>
		<string>-Wno-misexpect</string>
		<string>-Wno-mismatched-new-delete</string>
		<string>-Wno-mismatched-parameter-types</string>
		<string>-Wno-mismatched-return-types</string>
		<string>-Wno-missing-constinit</string>
		<string>-Wno-missing-declarations</string>
		<string>-Wno-missing-exception-spec</string>
		<string>-Wno-missing-format-attribute</string>
		<string>-Wno-missing-include-dirs</string>
		<string>-Wno-missing-multilib</string>
		<string>-Wno-missing-noescape</string>
		<string>-Wno-missing-noreturn</string>
		<string>-Wno-missing-prototype-for-cc</string>
		<string>-Wno-missing-prototypes</string>
		<string>-Wno-missing-selector-name</string>
		<string>-Wno-missing-sysroot</string>
		<string>-Wno-missing-template-arg-list-after-template-kw</string>
		<string>-Wno-missing-variable-declarations</string>
		<string>-Wno-misspelled-assumption</string>
		<string>-Wno-mix-packoffset</string>
		<string>-Wno-module-build</string>
		<string>-Wno-module-conflict</string>
		<string>-Wno-module-file-config-mismatch</string>
		<string>-Wno-module-file-extension</string>
		<string>-Wno-module-import</string>
		<string>-Wno-module-import-in-extern-c</string>
		<string>-Wno-module-include-translation</string>
		<string>-Wno-module-lock</string>
		<string>-Wno-modules-ambiguous-internal-linkage</string>
		<string>-Wno-modules-import-nested-redundant</string>
		<string>-Wno-msvc-include</string>
		<string>-Wno-msvc-not-found</string>
		<string>-Wno-multi-gpu</string>
		<string>-Wno-multiple-move-vbase</string>
		<string>-Wno-nan-infinity-disabled</string>
		<string>-Wno-narrowing</string>
		<string>-Wno-nested-externs</string>
		<string>-Wno-new-returns-null</string>
		<string>-Wno-newline-eof</string>
		<string>-Wno-noderef</string>
		<string>-Wno-noexcept-type</string>
		<string>-Wno-non-c-typedef-for-linkage</string>
		<string>-Wno-non-gcc</string>
		<string>-Wno-conversion</string>
		<string>-Wno-constant-conversion</string>
		<string>-Wno-bitfield-constant-conversion</string>
		<string>-Wno-single-bit-bitfield-constant-conversion</string>
		<string>-Wno-objc-bool-constant-conversion</string>
		<string>-Wno-enum-conversion</string>
		<string>-Wno-enum-enum-conversion</string>
		<string>-Wno-enum-float-conversion</string>
		<string>-Wno-enum-compare-conditional</string>
		<string>-Wno-bitfield-enum-conversion</string>
		<string>-Wno-float-overflow-conversion</string>
		<string>-Wno-float-zero-conversion</string>
		<string>-Wno-implicit-int-conversion</string>
		<string>-Wno-shorten-64-to-32</string>
		<string>-Wno-objc-signed-char-bool-implicit-int-conversion</string>
		<string>-Wno-implicit-float-conversion</string>
		<string>-Wno-implicit-int-float-conversion</string>
		<string>-Wno-implicit-const-int-float-conversion</string>
		<string>-Wno-objc-signed-char-bool-implicit-float-conversion</string>
		<string>-Wno-literal-conversion</string>
		<string>-Wno-non-literal-null-conversion</string>
		<string>-Wno-objc-literal-conversion</string>
		<string>-Wno-sign-conversion</string>
		<string>-Wno-string-conversion</string>
		<string>-Wno-literal-range</string>
		<string>-Wno-non-power-of-two-alignment</string>
		<string>-Wno-nonportable-cfstrings</string>
		<string>-Wno-nonportable-include-path</string>
		<string>-Wno-nonportable-private-apinotes-path</string>
		<string>-Wno-nonportable-private-system-apinotes-path</string>
		<string>-Wno-nonportable-sycl</string>
		<string>-Wno-nonportable-system-include-path</string>
		<string>-Wno-nonportable-vector-initialization</string>
		<string>-Wno-nsconsumed-mismatch</string>
		<string>-Wno-nsreturns-mismatch</string>
		<string>-Wno-null-arithmetic</string>
		<string>-Wno-null-character</string>
		<string>-Wno-null-dereference</string>
		<string>-Wno-nullability</string>
		<string>-Wno-nullability-completeness</string>
		<string>-Wno-nullability-completeness-on-arrays</string>
		<string>-Wno-nullability-declspec</string>
		<string>-Wno-nullability-inferred-on-nested-type</string>
		<string>-Wno-nullable-to-nonnull-conversion</string>
		<string>-Wno-nvcc-compat</string>
		<string>-Wno-objc-autosynthesis-property-ivar-name-match</string>
		<string>-Wno-objc-boxing</string>
		<string>-Wno-objc-circular-container</string>
		<string>-Wno-objc-cocoa-api</string>
		<string>-Wno-objc-redundant-api-use</string>
		<string>-Wno-objc-redundant-literal-use</string>
		<string>-Wno-objc-dictionary-duplicate-keys</string>
		<string>-Wno-objc-duplicate-category-definition</string>
		<string>-Wno-objc-forward-class-redefinition</string>
		<string>-Wno-objc-interface-ivars</string>
		<string>-Wno-objc-literal-compare</string>
		<string>-Wno-objc-string-compare</string>
		<string>-Wno-objc-macro-redefinition</string>
		<string>-Wno-objc-messaging-id</string>
		<string>-Wno-objc-method-access</string>
		<string>-Wno-objc-missing-property-synthesis</string>
		<string>-Wno-objc-multiple-method-names</string>
		<string>-Wno-objc-noncopy-retain-block-property</string>
		<string>-Wno-objc-nonunified-exceptions</string>
		<string>-Wno-objc-property-assign-on-object-type</string>
		<string>-Wno-objc-property-implementation</string>
		<string>-Wno-objc-property-implicit-mismatch</string>
		<string>-Wno-objc-property-matches-cocoa-ownership-rule</string>
		<string>-Wno-objc-property-no-attribute</string>
		<string>-Wno-objc-property-synthesis</string>
		<string>-Wno-objc-protocol-method-implementation</string>
		<string>-Wno-objc-protocol-property-synthesis</string>
		<string>-Wno-objc-protocol-qualifiers</string>
		<string>-Wno-objc-readonly-with-setter-property</string>
		<string>-Wno-objc-root-class</string>
		<string>-Wno-objc-signed-char-bool</string>
		<string>-Wno-objc-string-concatenation</string>
		<string>-Wno-objc-unsafe-perform-selector</string>
		<string>-Wno-odr</string>
		<string>-Wno-old-style-cast</string>
		<string>-Wno-old-style-definition</string>
		<string>-Wno-openacc</string>
		<string>-Wno-source-uses-openacc</string>
		<string>-Wno-openacc-deprecated-clause-alias</string>
		<string>-Wno-openacc-self-if-potential-conflict</string>
		<string>-Wno-opencl-unsupported-rgba</string>
		<string>-Wno-openmp</string>
		<string>-Wno-source-uses-openmp</string>
		<string>-Wno-openmp-clauses</string>
		<string>-Wno-openmp-loop-form</string>
		<string>-Wno-openmp-target</string>
		<string>-Wno-openmp-mapping</string>
		<string>-Wno-openmp-51-extensions</string>
		<string>-Wno-openmp-extensions</string>
		<string>-Wno-openmp-target-exception</string>
		<string>-Wno-option-ignored</string>
		<string>-Wno-ordered-compare-function-pointers</string>
		<string>-Wno-out-of-line-declaration</string>
		<string>-Wno-out-of-scope-function</string>
		<string>-Wno-over-aligned</string>
		<string>-Wno-overflow</string>
		<string>-Wno-override-init</string>
		<string>-Wno-override-module</string>
		<string>-Wno-overriding-method-mismatch</string>
		<string>-Wno-overriding-option</string>
		<string>-Wno-packed</string>
		<string>-Wno-padded</string>
		<string>-Wno-padded-bitfield</string>
		<string>-Wno-partial-availability</string>
		<string>-Wno-unguarded-availability</string>
		<string>-Wno-unguarded-availability-new</string>
		<string>-Wno-pass</string>
		<string>-Wno-pass-analysis</string>
		<string>-Wno-pass-failed</string>
		<string>-Wno-pass-missed</string>
		<string>-Wno-pch-date-time</string>
		<string>-Wno-pch-vfs-diff</string>
		<string>-Wno-pedantic</string>
		<string>-Wno-bit-int-extension</string>
		<string>-Wno-c2y-extensions</string>
		<string>-Wno-c11-extensions</string>
		<string>-Wno-flexible-array-extensions</string>
		<string>-Wno-future-attribute-extensions</string>
		<string>-Wno-c++23-attribute-extensions</string>
		<string>-Wno-keyword-macro</string>
		<string>-Wno-long-long</string>
		<string>-Wno-overlength-strings</string>
		<string>-Wno-dollar-in-identifier-extension</string>
		<string>-Wno-language-extension-token</string>
		<string>-Wno-invalid-utf8</string>
		<string>-Wno-delimited-escape-sequence-extension</string>
		<string>-Wno-import-preprocessor-directive-pedantic</string>
		<string>-Wno-empty-translation-unit</string>
		<string>-Wno-nullability-extension</string>
		<string>-Wno-auto-decl-extensions</string>
		<string>-Wno-undefined-internal-type</string>
		<string>-Wno-retained-language-linkage</string>
		<string>-Wno-complex-component-init</string>
		<string>-Wno-nested-anon-types</string>
		<string>-Wno-pedantic-core-features</string>
		<string>-Wno-pedantic-macros</string>
		<string>-Wno-macro-redefined</string>
		<string>-Wno-builtin-macro-redefined</string>
		<string>-Wno-restrict-expansion</string>
		<string>-Wno-final-macro</string>
		<string>-Wno-pointer-arith</string>
		<string>-Wno-pointer-compare</string>
		<string>-Wno-pointer-integer-compare</string>
		<string>-Wno-pointer-sign</string>
		<string>-Wno-pointer-to-int-cast</string>
		<string>-Wno-pointer-to-enum-cast</string>
		<string>-Wno-void-pointer-to-enum-cast</string>
		<string>-Wno-void-pointer-to-int-cast</string>
		<string>-Wno-pointer-type-mismatch</string>
		<string>-Wno-poison-system-directories</string>
		<string>-Wno-pragma-once-outside-header</string>
		<string>-Wno-pragma-system-header-outside-header</string>
		<string>-Wno-pragmas</string>
		<string>-Wno-ignored-pragmas</string>
		<string>-Wno-ignored-pragma-intrinsic</string>
		<string>-Wno-ignored-pragma-optimize</string>
		<string>-Wno-pragma-clang-attribute</string>
		<string>-Wno-pragma-pack</string>
		<string>-Wno-pragma-pack-suspicious-include</string>
		<string>-Wno-pre-c++2c-compat</string>
		<string>-Wno-pre-c++2c-compat-pedantic</string>
		<string>-Wno-pre-c11-compat-pedantic</string>
		<string>-Wno-pre-c11-compat</string>
		<string>-Wno-pre-c2x-compat</string>
		<string>-Wno-pre-c23-compat</string>
		<string>-Wno-pre-c2x-compat-pedantic</string>
		<string>-Wno-pre-c23-compat-pedantic</string>
		<string>-Wno-pre-c2y-compat-pedantic</string>
		<string>-Wno-pre-c2y-compat</string>
		<string>-Wno-pre-openmp-51-compat</string>
		<string>-Wno-predefined-identifier-outside-function</string>
		<string>-Wno-private-header</string>
		<string>-Wno-private-module</string>
		<string>-Wno-profile-instr-missing</string>
		<string>-Wno-profile-instr-out-of-date</string>
		<string>-Wno-profile-instr-unprofiled</string>
		<string>-Wno-property-access-dot-syntax</string>
		<string>-Wno-property-attribute-mismatch</string>
		<string>-Wno-protocol</string>
		<string>-Wno-protocol-property-synthesis-ambiguity</string>
		<string>-Wno-psabi</string>
		<string>-Wno-ptrauth-null-pointers</string>
		<string>-Wno-qualified-void-return-type</string>
		<string>-Wno-quoted-include-in-framework-header</string>
		<string>-Wno-read-only-types</string>
		<string>-Wno-readonly-iboutlet-property</string>
		<string>-Wno-receiver-expr</string>
		<string>-Wno-receiver-forward-class</string>
		<string>-Wno-redundant-attribute</string>
		<string>-Wno-redundant-consteval-if</string>
		<string>-Wno-redundant-decls</string>
		<string>-Wno-redundant-parens</string>
		<string>-Wno-register</string>
		<string>-Wno-reinterpret-base-class</string>
		<string>-Wno-remark-backend-plugin</string>
		<string>-Wno-requires-super-attribute</string>
		<string>-Wno-reserved-id-macro</string>
		<string>-Wno-reserved-module-identifier</string>
		<string>-Wno-reserved-attribute-identifier</string>
		<string>-Wno-reserved-user-defined-literal</string>
		<string>-Wno-return-local-addr</string>
		<string>-Wno-rewrite-not-bool</string>
		<string>-Wno-round-trip-cc1-args</string>
		<string>-Wno-rtti</string>
		<string>-Wno-sanitize-address</string>
		<string>-Wno-sarif-format-unstable</string>
		<string>-Wno-search-path-usage</string>
		<string>-Wno-section</string>
		<string>-Wno-selector</string>
		<string>-Wno-selector-type-mismatch</string>
		<string>-Wno-sentinel</string>
		<string>-Wno-sequence-point</string>
		<string>-Wno-serialized-diagnostics</string>
		<string>-Wno-shadow-all</string>
		<string>-Wno-shadow</string>
		<string>-Wno-shadow-field-in-constructor-modified</string>
		<string>-Wno-shadow-ivar</string>
		<string>-Wno-shadow-field-in-constructor</string>
		<string>-Wno-shadow-uncaptured-local</string>
		<string>-Wno-shadow-field</string>
		<string>-Wno-shift-count-negative</string>
		<string>-Wno-shift-count-overflow</string>
		<string>-Wno-shift-negative-value</string>
		<string>-Wno-shift-overflow</string>
		<string>-Wno-shift-sign-overflow</string>
		<string>-Wno-sign-promo</string>
		<string>-Wno-signed-enum-bitfield</string>
		<string>-Wno-signed-unsigned-wchar</string>
		<string>-Wno-sizeof-array-div</string>
		<string>-Wno-sizeof-pointer-div</string>
		<string>-Wno-slash-u-filename</string>
		<string>-Wno-slh-asm-goto</string>
		<string>-Wno-sloc-usage</string>
		<string>-Wno-source-mgr</string>
		<string>-Wno-spirv-compat</string>
		<string>-Wno-spir-compat</string>
		<string>-Wno-stack-exhausted</string>
		<string>-Wno-stack-protector</string>
		<string>-Wno-static-float-init</string>
		<string>-Wno-static-inline-explicit-instantiation</string>
		<string>-Wno-static-local-in-inline</string>
		<string>-Wno-stdlibcxx-not-found</string>
		<string>-Wno-strict-aliasing</string>
		<string>-Wno-strict-aliasing=0</string>
		<string>-Wno-strict-aliasing=1</string>
		<string>-Wno-strict-aliasing=2</string>
		<string>-Wno-strict-overflow</string>
		<string>-Wno-strict-overflow=0</string>
		<string>-Wno-strict-overflow=1</string>
		<string>-Wno-strict-overflow=2</string>
		<string>-Wno-strict-overflow=3</string>
		<string>-Wno-strict-overflow=4</string>
		<string>-Wno-strict-overflow=5</string>
		<string>-Wno-strict-potentially-direct-selector</string>
		<string>-Wno-potentially-direct-selector</string>
		<string>-Wno-strict-primary-template-shadow</string>
		<string>-Wno-strict-prototypes</string>
		<string>-Wno-deprecated-non-prototype</string>
		<string>-Wno-strict-selector-match</string>
		<string>-Wno-string-plus-char</string>
		<string>-Wno-strlcpy-strlcat-size</string>
		<string>-Wno-strncat-size</string>
		<string>-Wno-suggest-destructor-override</string>
		<string>-Wno-suggest-override</string>
		<string>-Wno-super-class-method-mismatch</string>
		<string>-Wno-suspicious-memaccess</string>
		<string>-Wno-sizeof-pointer-memaccess</string>
		<string>-Wno-dynamic-class-memaccess</string>
		<string>-Wno-nontrivial-memaccess</string>
		<string>-Wno-nontrivial-memcall</string>
		<string>-Wno-memset-transposed-args</string>
		<string>-Wno-suspicious-bzero</string>
		<string>-Wno-swift-name-attribute</string>
		<string>-Wno-switch-default</string>
		<string>-Wno-switch-enum</string>
		<string>-Wno-sync-alignment</string>
		<string>-Wno-sync-fetch-and-nand-semantics-changed</string>
		<string>-Wno-synth</string>
		<string>-Wno-tautological-constant-in-range-compare</string>
		<string>-Wno-type-limits</string>
		<string>-Wno-tautological-type-limit-compare</string>
		<string>-Wno-tautological-unsigned-zero-compare</string>
		<string>-Wno-tautological-unsigned-char-zero-compare</string>
		<string>-Wno-tautological-unsigned-enum-zero-compare</string>
		<string>-Wno-tautological-value-range-compare</string>
		<string>-Wno-tcb-enforcement</string>
		<string>-Wno-template-in-declaration-name</string>
		<string>-Wno-tentative-definition-array</string>
		<string>-Wno-tentative-definition-incomplete-type</string>
		<string>-Wno-thread-safety</string>
		<string>-Wno-thread-safety-attributes</string>
		<string>-Wno-thread-safety-analysis</string>
		<string>-Wno-thread-safety-precise</string>
		<string>-Wno-thread-safety-reference</string>
		<string>-Wno-thread-safety-reference-return</string>
		<string>-Wno-thread-safety-beta</string>
		<string>-Wno-thread-safety-negative</string>
		<string>-Wno-thread-safety-verbose</string>
		<string>-Wno-type-safety</string>
		<string>-Wno-typedef-redefinition</string>
		<string>-Wno-typename-missing</string>
		<string>-Wno-unable-to-open-stats-file</string>
		<string>-Wno-unaligned-access</string>
		<string>-Wno-unaligned-qualifier-implicit-cast</string>
		<string>-Wno-unavailable-declarations</string>
		<string>-Wno-undeclared-selector</string>
		<string>-Wno-undef</string>
		<string>-Wno-undef-prefix</string>
		<string>-Wno-undefined-arm-za</string>
		<string>-Wno-undefined-arm-zt0</string>
		<string>-Wno-undefined-func-template</string>
		<string>-Wno-undefined-inline</string>
		<string>-Wno-undefined-internal</string>
		<string>-Wno-undefined-reinterpret-cast</string>
		<string>-Wno-undefined-var-template</string>
		<string>-Wno-underaligned-exception-object</string>
		<string>-Wno-unicode</string>
		<string>-Wno-unicode-homoglyph</string>
		<string>-Wno-unicode-whitespace</string>
		<string>-Wno-unicode-zero-width</string>
		<string>-Wno-unknown-argument</string>
		<string>-Wno-unknown-assumption</string>
		<string>-Wno-unknown-cuda-version</string>
		<string>-Wno-unknown-directives</string>
		<string>-Wno-unknown-escape-sequence</string>
		<string>-Wno-unknown-sanitizers</string>
		<string>-Wno-unknown-warning-option</string>
		<string>-Wno-unnamed-type-template-args</string>
		<string>-Wno-unqualified-std-cast-call</string>
		<string>-Wno-unreachable-code-aggressive</string>
		<string>-Wno-unreachable-code</string>
		<string>-Wno-unreachable-code-loop-increment</string>
		<string>-Wno-unreachable-code-fallthrough</string>
		<string>-Wno-unreachable-code-generic-assoc</string>
		<string>-Wno-unreachable-code-break</string>
		<string>-Wno-unreachable-code-return</string>
		<string>-Wno-unsafe-buffer-usage</string>
		<string>-Wno-unsafe-buffer-usage-in-container</string>
		<string>-Wno-unsafe-buffer-usage-in-libc-call</string>
		<string>-Wno-unsupported-abi</string>
		<string>-Wno-unsupported-abs</string>
		<string>-Wno-unsupported-availability-guard</string>
		<string>-Wno-unsupported-cb</string>
		<string>-Wno-unsupported-dll-base-class-template</string>
		<string>-Wno-unsupported-floating-point-opt</string>
		<string>-Wno-unsupported-friend</string>
		<string>-Wno-unsupported-gpopt</string>
		<string>-Wno-unsupported-nan</string>
		<string>-Wno-unsupported-target-opt</string>
		<string>-Wno-unsupported-visibility</string>
		<string>-Wno-unusable-partial-specialization</string>
		<string>-Wno-unused-command-line-argument</string>
		<string>-Wno-unused-exception-parameter</string>
		<string>-Wno-unused-getter-return-value</string>
		<string>-Wno-unused-local-typedefs</string>
		<string>-Wno-unused-macros</string>
		<string>-Wno-unused-member-function</string>
		<string>-Wno-unneeded-member-function</string>
		<string>-Wno-unused-template</string>
		<string>-Wno-unused-volatile-lvalue</string>
		<string>-Wno-used-but-marked-unused</string>
		<string>-Wno-varargs</string>
		<string>-Wno-variadic-macros</string>
		<string>-Wno-vec-elem-size</string>
		<string>-Wno-vector-conversions</string>
		<string>-Wno-vector-conversion</string>
		<string>-Wno-visibility</string>
		<string>-Wno-vla</string>
		<string>-Wno-void-ptr-dereference</string>
		<string>-Wno-wasm-exception-spec</string>
		<string>-Wno-weak-template-vtables</string>
		<string>-Wno-weak-vtables</string>
		<string>-Wno-write-strings</string>
		<string>-Wno-writable-strings</string>
		<string>-Wno-xor-used-as-pow</string>
		<string>-Wno-zero-as-null-pointer-constant</string>
		<string>-Warray-bounds-pointer-arithmetic</string>
		<string>-Wbitwise-conditional-parentheses</string>
		<string>-Wbitwise-instead-of-logical</string>
		<string>-Wbitwise-op-parentheses</string>
		<string>-Wbool-operation</string>
		<string>-Wcast-of-sel-type</string>
		<string>-Wchar-subscripts</string>
		<string>-Wcomment</string>
		<string>-Wconditional-uninitialized</string>
		<string>-Wdangling-capture</string>
		<string>-Wdangling-else</string>
		<string>-Wdelete-abstract-non-virtual-dtor</string>
		<string>-Wdelete-incomplete</string>
		<string>-Wdelete-non-abstract-non-virtual-dtor</string>
		<string>-Wdelete-non-virtual-dtor</string>
		<string>-Wdeprecated-copy</string>
		<string>-Wdeprecated-copy-with-user-provided-copy</string>
		<string>-Wdivision-by-zero</string>
		<string>-Wdouble-promotion</string>
		<string>-Wembedded-directive</string>
		<string>-Wempty-init-stmt</string>
		<string>-Wno-error</string>
		<string>-Wexceptions</string>
		<string>-Wextern-c-compat</string>
		<string>-Wfloat-conversion</string>
		<string>-Wfor-loop-analysis</string>
		<string>-Wformat</string>
		<string>-Wformat-extra-args</string>
		<string>-Wformat-insufficient-args</string>
		<string>-Wformat-invalid-specifier</string>
		<string>-Wformat-nonliteral</string>
		<string>-Wformat-security</string>
		<string>-Wformat-y2k</string>
		<string>-Wformat-zero-length</string>
		<string>-Wframe-address</string>
		<string>-Wfuse-ld-path</string>
		<string>-Wignored-qualifiers</string>
		<string>-Wignored-reference-qualifiers</string>
		<string>-Wimplicit</string>
		<string>-Wimplicit-function-declaration</string>
		<string>-Wimplicit-int</string>
		<string>-Wincompatible-pointer-types</string>
		<string>-Wincompatible-pointer-types-discards-qualifiers</string>
		<string>-Winfinite-recursion</string>
		<string>-Winitializer-overrides</string>
		<string>-Wint-in-bool-context</string>
		<string>-Wlogical-not-parentheses</string>
		<string>-Wlogical-op-parentheses</string>
		<string>-Wmisleading-indentation</string>
		<string>-Wmismatched-tags</string>
		<string>-Wmissing-braces</string>
		<string>-Wmissing-field-initializers</string>
		<string>-Wmissing-method-return-type</string>
		<string>-Wmost</string>
		<string>-Wmove</string>
		<string>-Wmultichar</string>
		<string>-Wnon-virtual-dtor</string>
		<string>-Wnonnull</string>
		<string>-Wnull-pointer-arithmetic</string>
		<string>-Wnull-pointer-subtraction</string>
		<string>-Wobjc-designated-initializers</string>
		<string>-Wobjc-flexible-array</string>
		<string>-Wobjc-missing-super-calls</string>
		<string>-Woverloaded-shift-op-parentheses</string>
		<string>-Woverloaded-virtual</string>
		<string>-Wparentheses</string>
		<string>-Wparentheses-equality</string>
		<string>-Wpessimizing-move</string>
		<string>-Wpotentially-evaluated-expression</string>
		<string>-Wprivate-extern</string>
		<string>-Wrange-loop-construct</string>
		<string>-Wredundant-move</string>
		<string>-Wreorder</string>
		<string>-Wreorder-ctor</string>
		<string>-Wreorder-init-list</string>
		<string>-Wreserved-identifier</string>
		<string>-Wreserved-macro-identifier</string>
		<string>-Wreturn-stack-address</string>
		<string>-Wreturn-std-move</string>
		<string>-Wreturn-type</string>
		<string>-Wreturn-type-c-linkage</string>
		<string>-Wself-assign</string>
		<string>-Wself-assign-field</string>
		<string>-Wself-assign-overloaded</string>
		<string>-Wself-move</string>
		<string>-Wsemicolon-before-method-body</string>
		<string>-Wshift-op-parentheses</string>
		<string>-Wsign-compare</string>
		<string>-Wsizeof-array-argument</string>
		<string>-Wsizeof-array-decay</string>
		<string>-Wsometimes-uninitialized</string>
		<string>-Wstatic-in-inline</string>
		<string>-Wstatic-self-init</string>
		<string>-Wstring-concatenation</string>
		<string>-Wstring-plus-int</string>
		<string>-Wswitch</string>
		<string>-Wswitch-bool</string>
		<string>-Wtautological-bitwise-compare</string>
		<string>-Wtautological-compare</string>
		<string>-Wtautological-constant-compare</string>
		<string>-Wtautological-constant-out-of-range-compare</string>
		<string>-Wtautological-objc-bool-compare</string>
		<string>-Wtautological-overlap-compare</string>
		<string>-Wtautological-pointer-compare</string>
		<string>-Wtautological-undefined-compare</string>
		<string>-Wtrigraphs</string>
		<string>-Wunevaluated-expression</string>
		<string>-Wuninitialized</string>
		<string>-Wuninitialized-const-reference</string>
		<string>-Wuninitialized-explicit-init</string>
		<string>-Wunknown-pragmas</string>
		<string>-Wunneeded-internal-declaration</string>
		<string>-Wunsequenced</string>
		<string>-Wunused-argument</string>
		<string>-Wunused-but-set-parameter</string>
		<string>-Wunused-but-set-variable</string>
		<string>-Wunused-comparison</string>
		<string>-Wunused-const-variable</string>
		<string>-Wunused-function</string>
		<string>-Wunused-label</string>
		<string>-Wunused-lambda-capture</string>
		<string>-Wunused-local-typedef</string>
		<string>-Wunused-parameter</string>
		<string>-Wunused-private-field</string>
		<string>-Wunused-property-ivar</string>
		<string>-Wunused-result</string>
		<string>-Wunused-value</string>
		<string>-Wunused-variable</string>
		<string>-Wuser-defined-literals</string>
		<string>-Wuser-defined-warnings</string>
		<string>-Wvexing-parse</string>
		<string>-Wvolatile-register-var</string>
	</array>
	<key>analyzer_name</key>
	<string>clang-tidy</string>
	<key>return_code</key>
	<integer>1</integer>
	<key>stderr</key>
	<string>33 warnings and 1 error generated.
Error while processing /home/jan/parcio/julea/fuse/mkdir.c.
Suppressed 33 warnings (33 in non-user code).
Use -header-filter=.* to display errors from all non-system headers. Use -system-headers to display errors from system headers as well.
Found compiler error(s).
</string>
	<key>stdout</key>
	<string>error: unknown argument: '-fhardened' [clang-diagnostic-error]
</string>
</dict>
</plist>
